<?xml version="1.0" encoding="UTF-8"?>
<testsuite name="de.phillme.PhotoSorterTest" tests="1" skipped="0" failures="0" errors="0" timestamp="2016-05-04T21:02:49" hostname="anubis" time="0.28">
  <properties/>
  <testcase name="integrationTestMain" classname="de.phillme.PhotoSorterTest" time="0.28"/>
  <system-out><![CDATA[]]></system-out>
  <system-err><![CDATA[Mai 04, 2016 11:02:50 PM de.phillme.PhotoSorter <init>
INFORMATION: 
  _____  _           _        _____            _            
 |  __ \| |         | |      / ____|          | |           
 | |__) | |__   ___ | |_ ___| (___   ___  _ __| |_ ___ _ __ 
 |  ___/| '_ \ / _ \| __/ _ \\___ \ / _ \| '__| __/ _ \ '__|
 | |    | | | | (_) | || (_) |___) | (_) | |  | ||  __/ |   
 |_|    |_| |_|\___/ \__\___/_____/ \___/|_|   \__\___|_|   
Mai 04, 2016 11:02:50 PM de.phillme.PhotoSorter <init>
INFORMATION: 
PhotoSorter starting in dry-run mode. No changes written. 
If you want to write changes add '-w' as an option.
Use '-h' for help.
Mai 04, 2016 11:02:50 PM de.phillme.PhotoSorter <init>
INFORMATION: Using timezone Europe/Berlin.


Mai 04, 2016 11:02:50 PM de.phillme.PhotoSorter listSourceFiles
INFORMATION: Date of photosorter.iws could not be determined. Skipping...
Mai 04, 2016 11:02:50 PM de.phillme.PhotoSorter listSourceFiles
INFORMATION: Date of .gitignore could not be determined. Skipping...
org.apache.tika.io.TaggedIOException: Ist ein Verzeichnis
	at org.apache.tika.io.TaggedInputStream.handleIOException(TaggedInputStream.java:133)
	at org.apache.tika.io.ProxyInputStream.read(ProxyInputStream.java:82)
	at org.apache.tika.mime.MimeTypes.readMagicHeader(MimeTypes.java:258)
	at org.apache.tika.mime.MimeTypes.detect(MimeTypes.java:471)
	at org.apache.tika.detect.CompositeDetector.detect(CompositeDetector.java:77)
	at org.apache.tika.Tika.detect(Tika.java:156)
	at org.apache.tika.Tika.detect(Tika.java:268)
	at de.phillme.PhotoSorter.detectMimeType(PhotoSorter.java:392)
	at de.phillme.PhotoSorter.listSourceFiles(PhotoSorter.java:308)
	at de.phillme.PhotoSorter.main(PhotoSorter.java:424)
	at de.phillme.PhotoSorterTest.integrationTestMain(PhotoSorterTest.java:53)
	at sun.reflect.NativeMethodAccessorImpl.invoke0(Native Method)
	at sun.reflect.NativeMethodAccessorImpl.invoke(NativeMethodAccessorImpl.java:62)
	at sun.reflect.DelegatingMethodAccessorImpl.invoke(DelegatingMethodAccessorImpl.java:43)
	at java.lang.reflect.Method.invoke(Method.java:498)
	at org.junit.runners.model.FrameworkMethod$1.runReflectiveCall(FrameworkMethod.java:47)
	at org.junit.internal.runners.model.ReflectiveCallable.run(ReflectiveCallable.java:12)
	at org.junit.runners.model.FrameworkMethod.invokeExplosively(FrameworkMethod.java:44)
	at org.junit.internal.runners.statements.InvokeMethod.evaluate(InvokeMethod.java:17)
	at org.junit.internal.runners.statements.RunBefores.evaluate(RunBefores.java:26)
	at org.junit.internal.runners.statements.RunAfters.evaluate(RunAfters.java:27)
	at org.junit.runners.ParentRunner.runLeaf(ParentRunner.java:271)
	at org.junit.runners.BlockJUnit4ClassRunner.runChild(BlockJUnit4ClassRunner.java:70)
	at org.junit.runners.BlockJUnit4ClassRunner.runChild(BlockJUnit4ClassRunner.java:50)
	at org.junit.runners.ParentRunner$3.run(ParentRunner.java:238)
	at org.junit.runners.ParentRunner$1.schedule(ParentRunner.java:63)
	at org.junit.runners.ParentRunner.runChildren(ParentRunner.java:236)
	at org.junit.runners.ParentRunner.access$000(ParentRunner.java:53)
	at org.junit.runners.ParentRunner$2.evaluate(ParentRunner.java:229)
	at org.junit.runners.ParentRunner.run(ParentRunner.java:309)
	at org.gradle.api.internal.tasks.testing.junit.JUnitTestClassExecuter.runTestClass(JUnitTestClassExecuter.java:86)
	at org.gradle.api.internal.tasks.testing.junit.JUnitTestClassExecuter.execute(JUnitTestClassExecuter.java:49)
	at org.gradle.api.internal.tasks.testing.junit.JUnitTestClassProcessor.processTestClass(JUnitTestClassProcessor.java:64)
	at org.gradle.api.internal.tasks.testing.SuiteTestClassProcessor.processTestClass(SuiteTestClassProcessor.java:50)
	at sun.reflect.NativeMethodAccessorImpl.invoke0(Native Method)
	at sun.reflect.NativeMethodAccessorImpl.invoke(NativeMethodAccessorImpl.java:62)
	at sun.reflect.DelegatingMethodAccessorImpl.invoke(DelegatingMethodAccessorImpl.java:43)
	at java.lang.reflect.Method.invoke(Method.java:498)
	at org.gradle.messaging.dispatch.ReflectionDispatch.dispatch(ReflectionDispatch.java:35)
	at org.gradle.messaging.dispatch.ReflectionDispatch.dispatch(ReflectionDispatch.java:24)
	at org.gradle.messaging.dispatch.ContextClassLoaderDispatch.dispatch(ContextClassLoaderDispatch.java:32)
	at org.gradle.messaging.dispatch.ProxyDispatchAdapter$DispatchingInvocationHandler.invoke(ProxyDispatchAdapter.java:93)
	at com.sun.proxy.$Proxy2.processTestClass(Unknown Source)
	at org.gradle.api.internal.tasks.testing.worker.TestWorker.processTestClass(TestWorker.java:106)
	at sun.reflect.NativeMethodAccessorImpl.invoke0(Native Method)
	at sun.reflect.NativeMethodAccessorImpl.invoke(NativeMethodAccessorImpl.java:62)
	at sun.reflect.DelegatingMethodAccessorImpl.invoke(DelegatingMethodAccessorImpl.java:43)
	at java.lang.reflect.Method.invoke(Method.java:498)
	at org.gradle.messaging.dispatch.ReflectionDispatch.dispatch(ReflectionDispatch.java:35)
	at org.gradle.messaging.dispatch.ReflectionDispatch.dispatch(ReflectionDispatch.java:24)
	at org.gradle.messaging.remote.internal.hub.MessageHub$Handler.run(MessageHub.java:360)
	at org.gradle.internal.concurrent.ExecutorPolicy$CatchAndRecordFailures.onExecute(ExecutorPolicy.java:54)
	at org.gradle.internal.concurrent.StoppableExecutorImpl$1.run(StoppableExecutorImpl.java:40)
	at java.util.concurrent.ThreadPoolExecutor.runWorker(ThreadPoolExecutor.java:1142)
	at java.util.concurrent.ThreadPoolExecutor$Worker.run(ThreadPoolExecutor.java:617)
	at java.lang.Thread.run(Thread.java:745)
Caused by: java.io.IOException: Ist ein Verzeichnis
	at sun.nio.ch.FileDispatcherImpl.read0(Native Method)
	at sun.nio.ch.FileDispatcherImpl.read(FileDispatcherImpl.java:46)
	at sun.nio.ch.IOUtil.readIntoNativeBuffer(IOUtil.java:223)
	at sun.nio.ch.IOUtil.read(IOUtil.java:197)
	at sun.nio.ch.FileChannelImpl.read(FileChannelImpl.java:159)
	at sun.nio.ch.ChannelInputStream.read(ChannelInputStream.java:65)
	at sun.nio.ch.ChannelInputStream.read(ChannelInputStream.java:109)
	at sun.nio.ch.ChannelInputStream.read(ChannelInputStream.java:103)
	at java.io.BufferedInputStream.fill(BufferedInputStream.java:246)
	at java.io.BufferedInputStream.read1(BufferedInputStream.java:286)
	at java.io.BufferedInputStream.read(BufferedInputStream.java:345)
	at java.io.FilterInputStream.read(FilterInputStream.java:107)
	at org.apache.tika.io.ProxyInputStream.read(ProxyInputStream.java:78)
	... 54 more
]]></system-err>
</testsuite>
